<?xml version="1.0" encoding="UTF-8"?>
<!-- Generated by org.testng.reporters.JUnitReportReporter -->
<testsuite hostname="HP" failures="0" tests="1" name="com.naveenautomation.tests.OrderHistoryPageTest" time="23.107" errors="0" timestamp="2024-03-18T14:09:51 EDT" skipped="0">
  <testcase classname="com.naveenautomation.tests.OrderHistoryPageTest" name="validateAdditionToWishlist" time="23.107"/>
  <system-out/>
</testsuite> <!-- com.naveenautomation.tests.OrderHistoryPageTest -->
