<?xml version="1.0" encoding="UTF-8"?>
<!-- Generated by org.testng.reporters.JUnitReportReporter -->
<testsuite hostname="HP" failures="0" tests="1" name="com.vishnukakkara.Jan24.LearningFirstMavenProject.LoginLogout" time="25.258" errors="0" timestamp="16 Feb. 2024 00:45:39 GMT" skipped="0">
  <testcase classname="com.vishnukakkara.Jan24.LearningFirstMavenProject.LoginLogout" name="loginLogout" time="25.258"/>
</testsuite> <!-- com.vishnukakkara.Jan24.LearningFirstMavenProject.LoginLogout -->
