<?xml version="1.0" encoding="UTF-8"?>
<!-- Generated by org.testng.reporters.JUnitReportReporter -->
<testsuite hostname="HP" failures="0" tests="1" name="com.vishnukakkara.Jan24.LearningFirstMavenProject.SeleniumBasics" time="18.038" errors="0" timestamp="2024-03-18T13:32:46 EDT" skipped="0">
  <testcase classname="com.vishnukakkara.Jan24.LearningFirstMavenProject.SeleniumBasics" name="sendKeysForInput" time="18.038"/>
  <system-out/>
</testsuite> <!-- com.vishnukakkara.Jan24.LearningFirstMavenProject.SeleniumBasics -->
