<?xml version="1.0" encoding="UTF-8"?>
<!-- Generated by org.testng.reporters.JUnitReportReporter -->
<testsuite hostname="HP" failures="0" tests="1" name="com.naveenautomation.tests.DownloadsPageTest" time="20.339" errors="0" timestamp="2024-03-18T22:52:01 EDT" skipped="0">
  <testcase classname="com.naveenautomation.tests.DownloadsPageTest" name="validateNewsletter" time="20.339"/>
  <system-out/>
</testsuite> <!-- com.naveenautomation.tests.DownloadsPageTest -->
