<?xml version="1.0" encoding="UTF-8"?>
<!-- Generated by org.testng.reporters.JUnitReportReporter -->
<testsuite hostname="HP" failures="0" tests="1" name="com.naveenautomation.tests.WishlistPageTest" time="14.813" errors="0" timestamp="2024-03-09T15:41:41 EST" skipped="0">
  <testcase classname="com.naveenautomation.tests.WishlistPageTest" name="validateNewAddressAddition" time="14.813"/>
  <system-out/>
</testsuite> <!-- com.naveenautomation.tests.WishlistPageTest -->
