<?xml version="1.0" encoding="UTF-8"?>
<!-- Generated by org.testng.reporters.JUnitReportReporter -->
<testsuite hostname="HP" failures="0" tests="1" name="com.naveenautomation.tests.ContactUsPageTest" time="23.820" errors="0" timestamp="2024-03-18T22:52:02 EDT" skipped="0">
  <testcase classname="com.naveenautomation.tests.ContactUsPageTest" name="validateContactUs" time="23.820"/>
  <system-out/>
</testsuite> <!-- com.naveenautomation.tests.ContactUsPageTest -->
