<?xml version="1.0" encoding="UTF-8"?>
<!-- Generated by org.testng.reporters.JUnitReportReporter -->
<testsuite hostname="HP" failures="0" tests="1" name="com.naveenautomation.tests.AccountloginPageTest" time="14.205" errors="0" timestamp="2024-02-18T22:19:41 EST" skipped="0">
  <testcase classname="com.naveenautomation.tests.AccountloginPageTest" name="validateGiftCertificate" time="14.205"/>
  <system-out/>
</testsuite> <!-- com.naveenautomation.tests.AccountloginPageTest -->
