<?xml version="1.0" encoding="UTF-8"?>
<!-- Generated by org.testng.reporters.JUnitReportReporter -->
<testsuite hostname="HP" failures="0" tests="1" name="com.naveenautomation.tests.ContactUsPageTest" time="14.545" errors="0" timestamp="2024-03-08T22:59:03 EST" skipped="0">
  <testcase classname="com.naveenautomation.tests.ContactUsPageTest" name="validateContactUs" time="14.545"/>
  <system-out/>
</testsuite> <!-- com.naveenautomation.tests.ContactUsPageTest -->
