<?xml version="1.0" encoding="UTF-8"?>
<!-- Generated by org.testng.reporters.JUnitReportReporter -->
<testsuite hostname="HP" failures="0" tests="1" name="com.vishnukakkara.Jan24.LearningFirstMavenProject.ExplicitWaitAssignment16Feb24" time="38.068" errors="0" timestamp="2024-02-19T19:54:52 EST" skipped="0">
  <testcase classname="com.vishnukakkara.Jan24.LearningFirstMavenProject.ExplicitWaitAssignment16Feb24" name="signupLoggingin" time="38.068"/>
  <system-out/>
</testsuite> <!-- com.vishnukakkara.Jan24.LearningFirstMavenProject.ExplicitWaitAssignment16Feb24 -->
