<?xml version="1.0" encoding="UTF-8"?>
<!-- Generated by org.testng.reporters.JUnitReportReporter -->
<testsuite hostname="HP" failures="0" tests="1" name="com.naveenautomation.tests.ReturnRequestTest" time="13.717" errors="0" timestamp="2024-03-09T14:25:09 EST" skipped="0">
  <testcase classname="com.naveenautomation.tests.ReturnRequestTest" name="validateRewardPoints" time="13.717"/>
  <system-out/>
</testsuite> <!-- com.naveenautomation.tests.ReturnRequestTest -->
