<?xml version="1.0" encoding="UTF-8"?>
<!-- Generated by org.testng.reporters.JUnitReportReporter -->
<testsuite hostname="HP" failures="0" tests="4" name="com.vishnukakkara.Jan24.LearningFirstMavenProject.ExplicitWait" time="38.795" errors="2" timestamp="2024-03-18T13:32:46 EDT" skipped="2">
  <testcase classname="com.vishnukakkara.Jan24.LearningFirstMavenProject.ExplicitWait" name="subscribeNewsletter" time="36.693">
    <skipped/>
  </testcase> <!-- subscribeNewsletter -->
  <system-out/>
  <testcase classname="com.vishnukakkara.Jan24.LearningFirstMavenProject.ExplicitWait" name="subscribeNewsletter" time="0.001">
    <error message="Session ID is null. Using WebDriver after calling quit()?
Build info: version: &#039;3.141.59&#039;, revision: &#039;e82be7d358&#039;, time: &#039;2018-11-14T08:17:03&#039;
System info: host: &#039;HP&#039;, ip: &#039;10.0.0.47&#039;, os.name: &#039;Windows 11&#039;, os.arch: &#039;amd64&#039;, os.version: &#039;10.0&#039;, java.version: &#039;17.0.9&#039;
Driver info: driver.version: RemoteWebDriver" type="org.openqa.selenium.NoSuchSessionException">
      <![CDATA[org.openqa.selenium.NoSuchSessionException: Session ID is null. Using WebDriver after calling quit()?
Build info: version: '3.141.59', revision: 'e82be7d358', time: '2018-11-14T08:17:03'
System info: host: 'HP', ip: '10.0.0.47', os.name: 'Windows 11', os.arch: 'amd64', os.version: '10.0', java.version: '17.0.9'
Driver info: driver.version: RemoteWebDriver
at org.openqa.selenium.remote.HttpCommandExecutor.execute(HttpCommandExecutor.java:125)
at org.openqa.selenium.remote.service.DriverCommandExecutor.execute(DriverCommandExecutor.java:83)
at org.openqa.selenium.remote.RemoteWebDriver.execute(RemoteWebDriver.java:552)
at org.openqa.selenium.remote.RemoteWebDriver.findElement(RemoteWebDriver.java:323)
at org.openqa.selenium.remote.RemoteWebDriver.findElementByCssSelector(RemoteWebDriver.java:420)
at org.openqa.selenium.By$ByCssSelector.findElement(By.java:431)
at org.openqa.selenium.remote.RemoteWebDriver.findElement(RemoteWebDriver.java:315)
at com.vishnukakkara.Jan24.LearningFirstMavenProject.ExplicitWait.loggingIn(ExplicitWait.java:44)
at com.vishnukakkara.Jan24.LearningFirstMavenProject.ExplicitWait.subscribeNewsletter(ExplicitWait.java:39)
at java.base/jdk.internal.reflect.NativeMethodAccessorImpl.invoke0(Native Method)
at java.base/jdk.internal.reflect.NativeMethodAccessorImpl.invoke(NativeMethodAccessorImpl.java:77)
at java.base/jdk.internal.reflect.DelegatingMethodAccessorImpl.invoke(DelegatingMethodAccessorImpl.java:43)
at java.base/java.lang.reflect.Method.invoke(Method.java:568)
at org.testng.internal.MethodInvocationHelper.invokeMethod(MethodInvocationHelper.java:133)
at org.testng.internal.TestInvoker.invokeMethod(TestInvoker.java:598)
at org.testng.internal.TestInvoker.retryFailed(TestInvoker.java:213)
at org.testng.internal.MethodRunner.runInSequence(MethodRunner.java:58)
at org.testng.internal.TestInvoker$MethodInvocationAgent.invoke(TestInvoker.java:824)
at org.testng.internal.TestInvoker.invokeTestMethods(TestInvoker.java:146)
at org.testng.internal.TestMethodWorker.invokeTestMethods(TestMethodWorker.java:146)
at org.testng.internal.TestMethodWorker.run(TestMethodWorker.java:128)
at java.base/java.util.ArrayList.forEach(ArrayList.java:1511)
at org.testng.TestRunner.privateRun(TestRunner.java:794)
at org.testng.TestRunner.run(TestRunner.java:596)
at org.testng.SuiteRunner.runTest(SuiteRunner.java:377)
at org.testng.SuiteRunner.runSequentially(SuiteRunner.java:371)
at org.testng.SuiteRunner.privateRun(SuiteRunner.java:332)
at org.testng.SuiteRunner.run(SuiteRunner.java:276)
at org.testng.SuiteRunnerWorker.runSuite(SuiteRunnerWorker.java:53)
at org.testng.SuiteRunnerWorker.run(SuiteRunnerWorker.java:96)
at org.testng.TestNG.runSuitesSequentially(TestNG.java:1212)
at org.testng.TestNG.runSuitesLocally(TestNG.java:1134)
at org.testng.TestNG.runSuites(TestNG.java:1063)
at org.testng.TestNG.run(TestNG.java:1031)
at org.testng.remote.AbstractRemoteTestNG.run(AbstractRemoteTestNG.java:115)
at org.testng.remote.RemoteTestNG.initAndRun(RemoteTestNG.java:251)
at org.testng.remote.RemoteTestNG.main(RemoteTestNG.java:77)
]]>
    </error>
  </testcase> <!-- subscribeNewsletter -->
  <system-out/>
  <testcase classname="com.vishnukakkara.Jan24.LearningFirstMavenProject.ExplicitWait" name="subscribeNewsletter" time="0.002">
    <skipped/>
  </testcase> <!-- subscribeNewsletter -->
  <system-out/>
  <testcase classname="com.vishnukakkara.Jan24.LearningFirstMavenProject.ExplicitWait" name="gerPageUrl" time="2.099">
    <error message="unknown error: failed to write prefs file
Build info: version: &#039;3.141.59&#039;, revision: &#039;e82be7d358&#039;, time: &#039;2018-11-14T08:17:03&#039;
System info: host: &#039;HP&#039;, ip: &#039;10.0.0.47&#039;, os.name: &#039;Windows 11&#039;, os.arch: &#039;amd64&#039;, os.version: &#039;10.0&#039;, java.version: &#039;17.0.9&#039;
Driver info: driver.version: EdgeDriver
remote stacktrace: 	GetHandleVerifier [0x00007FF62755AD02+60770]
	Microsoft::Applications::Events::ILogConfiguration::operator* [0x00007FF6274E84B2+228274]
	(No symbol) [0x00007FF6272FADBB]
	(No symbol) [0x00007FF62733784A]
	(No symbol) [0x00007FF627337AF3]
	(No symbol) [0x00007FF627333FBB]
	(No symbol) [0x00007FF62732DA48]
	(No symbol) [0x00007FF627377299]
	(No symbol) [0x00007FF62736C143]
	(No symbol) [0x00007FF62733D4A8]
	(No symbol) [0x00007FF62733C317]
	(No symbol) [0x00007FF62733D041]
	Microsoft::Applications::Events::EventProperty::to_string [0x00007FF62770B47C+1039884]
	(No symbol) [0x00007FF6273C0D65]
	Microsoft::Applications::Events::EventProperty::~EventProperty [0x00007FF62745A82C+36956]
	Microsoft::Applications::Events::EventProperty::~EventProperty [0x00007FF627452352+2946]
	Microsoft::Applications::Events::EventProperty::to_string [0x00007FF627709EC3+1034323]
	Microsoft::Applications::Events::ILogConfiguration::operator* [0x00007FF6274F2418+269080]
	Microsoft::Applications::Events::ILogConfiguration::operator* [0x00007FF6274ED0F4+247796]
	Microsoft::Applications::Events::ILogConfiguration::operator* [0x00007FF6274ED222+248098]
	Microsoft::Applications::Events::ILogConfiguration::operator* [0x00007FF6274E3911+208913]
	BaseThreadInitThunk [0x00007FFE7CD8257D+29]
	RtlUserThreadStart [0x00007FFE7E0AAA58+40]
" type="org.openqa.selenium.WebDriverException">
      <![CDATA[org.openqa.selenium.WebDriverException: unknown error: failed to write prefs file
Build info: version: '3.141.59', revision: 'e82be7d358', time: '2018-11-14T08:17:03'
System info: host: 'HP', ip: '10.0.0.47', os.name: 'Windows 11', os.arch: 'amd64', os.version: '10.0', java.version: '17.0.9'
Driver info: driver.version: EdgeDriver
remote stacktrace: GetHandleVerifier [0x00007FF62755AD02+60770]
Microsoft::Applications::Events::ILogConfiguration::operator* [0x00007FF6274E84B2+228274]
(No symbol) [0x00007FF6272FADBB]
(No symbol) [0x00007FF62733784A]
(No symbol) [0x00007FF627337AF3]
(No symbol) [0x00007FF627333FBB]
(No symbol) [0x00007FF62732DA48]
(No symbol) [0x00007FF627377299]
(No symbol) [0x00007FF62736C143]
(No symbol) [0x00007FF62733D4A8]
(No symbol) [0x00007FF62733C317]
(No symbol) [0x00007FF62733D041]
Microsoft::Applications::Events::EventProperty::to_string [0x00007FF62770B47C+1039884]
(No symbol) [0x00007FF6273C0D65]
Microsoft::Applications::Events::EventProperty::~EventProperty [0x00007FF62745A82C+36956]
Microsoft::Applications::Events::EventProperty::~EventProperty [0x00007FF627452352+2946]
Microsoft::Applications::Events::EventProperty::to_string [0x00007FF627709EC3+1034323]
Microsoft::Applications::Events::ILogConfiguration::operator* [0x00007FF6274F2418+269080]
Microsoft::Applications::Events::ILogConfiguration::operator* [0x00007FF6274ED0F4+247796]
Microsoft::Applications::Events::ILogConfiguration::operator* [0x00007FF6274ED222+248098]
Microsoft::Applications::Events::ILogConfiguration::operator* [0x00007FF6274E3911+208913]
BaseThreadInitThunk [0x00007FFE7CD8257D+29]
RtlUserThreadStart [0x00007FFE7E0AAA58+40]

at java.base/jdk.internal.reflect.NativeConstructorAccessorImpl.newInstance0(Native M