<?xml version="1.0" encoding="UTF-8"?>
<!-- Generated by org.testng.reporters.JUnitReportReporter -->
<testsuite hostname="HP" failures="0" tests="1" name="com.vishnukakkara.Jan24.LearningFirstMavenProject.AssignmentFeb01" time="31.592" errors="0" timestamp="07 Feb. 2024 00:03:43 GMT" skipped="0">
  <testcase classname="com.vishnukakkara.Jan24.LearningFirstMavenProject.AssignmentFeb01" name="performReturns" time="31.592"/>
</testsuite> <!-- com.vishnukakkara.Jan24.LearningFirstMavenProject.AssignmentFeb01 -->
