<?xml version="1.0" encoding="UTF-8"?>
<!-- Generated by org.testng.reporters.JUnitReportReporter -->
<testsuite hostname="HP" failures="0" tests="1" name="com.naveenautomation.tests.AddressBookPageTest" time="24.118" errors="0" timestamp="2024-03-18T22:52:02 EDT" skipped="0">
  <testcase classname="com.naveenautomation.tests.AddressBookPageTest" name="validateNewAddressAddition" time="24.118"/>
  <system-out/>
</testsuite> <!-- com.naveenautomation.tests.AddressBookPageTest -->
