<?xml version="1.0" encoding="UTF-8"?>
<!-- Generated by org.testng.reporters.JUnitReportReporter -->
<testsuite hostname="HP" failures="0" tests="1" name="com.saucedemo.tests.YourCartPageTest" time="10.009" errors="0" timestamp="2024-03-26T00:19:05 EDT" skipped="0">
  <testcase classname="com.saucedemo.tests.YourCartPageTest" name="validateGiftCertificate" time="10.009"/>
  <system-out/>
</testsuite> <!-- com.saucedemo.tests.YourCartPageTest -->
