<?xml version="1.0" encoding="UTF-8"?>
<!-- Generated by org.testng.reporters.JUnitReportReporter -->
<testsuite hostname="HP" failures="0" tests="1" name="com.naveenautomation.tests.DownloadsPageTest" time="25.284" errors="0" timestamp="2024-03-18T14:09:51 EDT" skipped="0">
  <testcase classname="com.naveenautomation.tests.DownloadsPageTest" name="validateNewsletter" time="25.284"/>
  <system-out/>
</testsuite> <!-- com.naveenautomation.tests.DownloadsPageTest -->
