<?xml version="1.0" encoding="UTF-8"?>
<!-- Generated by org.testng.reporters.JUnitReportReporter -->
<testsuite hostname="HP" failures="0" tests="1" name="com.vishnukakkara.Jan24.LearningFirstMavenProject.SeleniumBasics" time="17.854" errors="0" timestamp="05 Feb. 2024 02:22:32 GMT" skipped="0">
  <testcase classname="com.vishnukakkara.Jan24.LearningFirstMavenProject.SeleniumBasics" name="sendKeysForInput" time="17.854"/>
</testsuite> <!-- com.vishnukakkara.Jan24.LearningFirstMavenProject.SeleniumBasics -->
