<?xml version="1.0" encoding="UTF-8"?>
<!-- Generated by org.testng.reporters.JUnitReportReporter -->
<testsuite hostname="HP" failures="0" tests="1" name="com.naveenautomation.tests.RewardPointsPageTest" time="24.568" errors="0" timestamp="2024-03-18T14:09:51 EDT" skipped="0">
  <testcase classname="com.naveenautomation.tests.RewardPointsPageTest" name="validateRewardPoints" time="24.568"/>
  <system-out/>
</testsuite> <!-- com.naveenautomation.tests.RewardPointsPageTest -->
